<?xml version="1.0" encoding="UTF-8"?>
<!-- Generated by org.testng.reporters.JUnitReportReporter -->
<testsuite hostname="LienVH.local" failures="0" tests="2" name="admin.posts.PostsListTest" time="2.346" errors="0" timestamp="18 Aug 2022 09:38:57 GMT" skipped="0">
  <testcase classname="admin.posts.PostsListTest" name="Post_List_01_Paging" time="2.345"/>
  <testcase classname="admin.posts.PostsListTest" name="Post_List_02" time="0.001"/>
</testsuite> <!-- admin.posts.PostsListTest -->
