<?xml version="1.0" encoding="UTF-8"?>
<!-- Generated by org.testng.reporters.JUnitReportReporter -->
<testsuite hostname="LienVH.local" failures="0" tests="9" name="admin.Post01FlowCreateEditDeleteTest" time="42.443" errors="0" timestamp="17 Aug 2022 15:40:41 GMT" skipped="0">
  <testcase classname="admin.Post01FlowCreateEditDeleteTest" name="Post_06_Verify_Edited_Post_At_User_Site" time="1.343"/>
  <testcase classname="admin.Post01FlowCreateEditDeleteTest" name="Post_01_Add_New" time="7.415"/>
  <testcase classname="admin.Post01FlowCreateEditDeleteTest" name="Post_07_Delete_Post" time="2.935"/>
  <testcase classname="admin.Post01FlowCreateEditDeleteTest" name="Post_03_Verify_Created_Post_At_User_Site" time="2.829"/>
  <testcase classname="admin.Post01FlowCreateEditDeleteTest" name="Post_09_Search_Deleted_Post_At_User_Site" time="6.330"/>
  <testcase classname="admin.Post01FlowCreateEditDeleteTest" name="Post_04_Edit_Post" time="8.287"/>
  <testcase classname="admin.Post01FlowCreateEditDeleteTest" name="Post_02_Search_Created_Post_At_Admin_Site" time="5.357"/>
  <testcase classname="admin.Post01FlowCreateEditDeleteTest" name="Post_08_Search_Deleted_Post_At_Admin_Site" time="3.060"/>
  <testcase classname="admin.Post01FlowCreateEditDeleteTest" name="Post_05_Search_Edited_Post_At_Admin_site" time="4.887"/>
</testsuite> <!-- admin.Post01FlowCreateEditDeleteTest -->
